app/seeds.txt
com.sword.atlas.Hilt_MainActivity
com.sword.atlas.core.ui.databinding.LayoutErrorViewBinding
com.sword.atlas.feature.template.ui.userlist.UserListViewModel_HiltModules$BindsModule
com.sword.atlas.core.common.constant.AppConstants$File
com.sword.atlas.feature.template.ui.login.LoginViewModel_HiltModules$BindsModule
com.sword.atlas.core.ui.databinding.LayoutCommonDialogBinding
com.sword.atlas.feature.template.databinding.FragmentUserListBinding
com.sword.atlas.feature.template.ui.userlist.Hilt_UserListFragment
com.sword.atlas.core.database.dao.UserDao_Impl$14
com.sword.atlas.feature.template.R$drawable
com.sword.atlas.feature.template.ui.login.LoginActivity_GeneratedInjector
com.sword.atlas.feature.template.R$color
com.sword.atlas.core.common.util.JsonUtil
com.sword.atlas.core.common.constant.AppConstants$Network
com.sword.atlas.core.common.ext.FlowExtKt$collectResult$2$1$1
com.sword.atlas.core.common.ext.FlowExtKt$collectOnMain$1$1$1
com.sword.atlas.core.common.util.JsonUtil$fromJsonToMap$1
com.sword.atlas.core.ui.dialog.CommonDialog$Builder
com.sword.atlas.core.common.ext.FlowExtKt$collectResult$1$1
com.sword.atlas.core.ui.widget.ErrorView
com.sword.atlas.core.common.constant.AppConstants$SP
com.sword.atlas.feature.template.data.api.UserListApi
com.sword.atlas.feature.template.data.repository.UserListRepository
com.sword.atlas.core.database.dao.UserDao_Impl$12
com.sword.atlas.core.common.exception.ExceptionHandler
com.sword.atlas.core.database.dao.UserDao_Impl$10
com.sword.atlas.MainActivity_GeneratedInjector
com.sword.atlas.R$layout
com.sword.atlas.feature.template.ui.userdetail.UserDetailActivity_GeneratedInjector
com.sword.atlas.core.database.entity.UserEntity
com.sword.atlas.core.network.RetrofitClient
com.sword.atlas.databinding.ActivityMainBinding
com.sword.atlas.core.network.manager.UploadManager$UploadResult$Progress
com.sword.atlas.feature.template.ui.userdetail.UserDetailActivity
com.sword.atlas.core.ui.adapter.BaseViewHolder
com.sword.atlas.feature.template.ui.userlist.Hilt_UserListActivity
com.sword.atlas.core.database.dao.UserDao_Impl$8
com.sword.atlas.App
com.sword.atlas.core.network.interceptor.SignInterceptor$Companion
com.sword.atlas.feature.template.databinding.ItemUserBinding
com.sword.atlas.feature.template.R$string
com.sword.atlas.core.common.util.JsonUtil$fromJson$1
com.sword.atlas.core.model.PageData$Companion
com.sword.atlas.MainActivity
com.sword.atlas.feature.template.data.repository.UserListRepository$getUserList$2
com.sword.atlas.core.ui.dialog.LoadingDialog
com.sword.atlas.core.network.manager.DownloadManager$DownloadResult$Progress
com.sword.atlas.Hilt_App
com.sword.atlas.core.model.UiState$Idle
com.sword.atlas.core.common.base.BaseRepository
com.sword.atlas.core.common.util.ToastUtil
com.sword.atlas.feature.template.ui.userlist.UserListViewModel
com.sword.atlas.feature.template.data.repository.LoginRepository
com.sword.atlas.core.network.manager.DownloadManager$DownloadResult$Success
com.sword.atlas.core.network.manager.UploadManager$uploadMultiple$1
com.sword.atlas.R$xml
com.sword.atlas.feature.template.data.api.LoginApi
com.sword.atlas.core.common.constant.AppConstants$Intent
com.sword.atlas.feature.template.ui.login.LoginViewModel_HiltModules
com.sword.atlas.core.model.PageData
com.sword.atlas.core.network.manager.DownloadManager$DownloadResult
com.sword.atlas.core.common.ext.FlowExtKt$catchError$1
com.sword.atlas.core.ui.base.BaseFragment
com.sword.atlas.core.ui.R$layout
com.sword.atlas.core.common.constant.AppConstants$Page
com.sword.atlas.feature.template.data.repository.LoginRepository$login$1
com.sword.atlas.core.network.interceptor.LoggingInterceptor
com.sword.atlas.core.common.ext.FlowExtKt$onResult$2
com.sword.atlas.core.ui.databinding.LayoutLoadingDialogBinding
com.sword.atlas.core.database.dao.UserDao_Impl$13
com.sword.atlas.core.database.dao.UserDao_Impl$7
com.sword.atlas.core.ui.R$string
com.sword.atlas.feature.template.di.ApiModule
com.sword.atlas.R$dimen
...
javax.inject.Provider: java.lang.Object get()
com.google.android.material.navigation.NavigationBarView: void setItemTextAppearanceInactive(int)
com.google.android.material.chip.Chip: android.graphics.Rect getCloseIconTouchBoundsInt()
com.google.android.material.textfield.TextInputLayout: com.google.android.material.shape.MaterialShapeDrawable getBoxBackground()
okhttp3.Response: okhttp3.CacheControl -deprecated_cacheControl()
okhttp3.Cookie: java.lang.String -deprecated_value()
androidx.constraintlayout.helper.widget.Flow: void setMaxElementsWrap(int)
androidx.fragment.app.Fragment: boolean shouldShowRequestPermissionRationale(java.lang.String)
androidx.appcompat.widget.AppCompatTextHelper$Api26Impl: int getAutoSizeStepGranularity(android.widget.TextView)
okhttp3.OkHttpClient$Builder: void setReadTimeout$okhttp(int)
com.google.gson.JsonStreamParser: com.google.gson.JsonElement next()
com.google.android.material.slider.Slider: android.content.res.ColorStateList getThumbTintList()
okhttp3.Dispatcher: java.lang.Runnable getIdleCallback()
com.google.android.material.search.SearchView: int getSoftInputMode()
com.google.android.material.chip.Chip: void setCloseIconPressed(boolean)
kotlinx.coroutines.channels.BufferOverflow: kotlinx.coroutines.channels.BufferOverflow valueOf(java.lang.String)
okhttp3.FormBody: long contentLength()
kotlin.reflect.KClass$DefaultImpls: void isValue$annotations()
com.google.android.material.slider.RangeSlider: void setTrackStopIndicatorSize(int)
kotlin.collections.AbstractCollection: int size()
okhttp3.HttpUrl$Builder: okhttp3.HttpUrl$Builder setEncodedQueryParameter(java.lang.String,java.lang.String)
com.google.gson.FieldNamingPolicy: FieldNamingPolicy(java.lang.String,int,com.google.gson.FieldNamingPolicy$1)
okhttp3.CertificatePinner$Pin: java.lang.String getHashAlgorithm()
androidx.vectordrawable.graphics.drawable.VectorDrawableCompat$VPath: java.lang.String getPathName()
androidx.appcompat.widget.AppCompatCheckBox: void setSupportCompoundDrawablesTintList(android.content.res.ColorStateList)
com.google.gson.reflect.TypeToken: com.google.gson.reflect.TypeToken get(java.lang.Class)
okhttp3.internal.http2.Http2Stream$FramingSource: okio.Buffer getReceiveBuffer()
com.google.gson.internal.bind.TypeAdapters$34: TypeAdapters$34(java.lang.Class,com.google.gson.TypeAdapter)
androidx.constraintlayout.widget.ConstraintLayout: void loadLayoutDescription(int)
okio.internal.ZipFilesKt: okio.internal.EocdRecord readEocdRecord(okio.BufferedSource)
com.google.gson.Gson: com.google.gson.TypeAdapter atomicLongAdapter(com.google.gson.TypeAdapter)
androidx.emoji2.text.ConcurrencyHelpers$Handler28Impl: android.os.Handler createAsync(android.os.Looper)
com.google.android.material.appbar.CollapsingToolbarLayout: void setSubtitle(java.lang.CharSequence)
androidx.appcompat.widget.AppCompatRatingBar: AppCompatRatingBar(android.content.Context,android.util.AttributeSet,int)
androidx.constraintlayout.utils.widget.MotionLabel: void setUpTheme(android.content.Context)
okhttp3.internal.platform.AndroidPlatform: okhttp3.internal.tls.TrustRootIndex buildTrustRootIndex(javax.net.ssl.X509TrustManager)
okio.SegmentedByteString: boolean rangeEquals(int,byte[],int,int)
okhttp3.ConnectionSpec: java.util.List -deprecated_cipherSuites()
androidx.constraintlayout.motion.widget.MotionLayout: void setOnHide(float)
androidx.coordinatorlayout.R$color: R$color()
androidx.fragment.app.Fragment: int getNextTransition()
androidx.appcompat.resources.Compatibility$Api21Impl: int getChangingConfigurations(android.content.res.TypedArray)
com.google.gson.stream.JsonReader$1: JsonReader$1()
com.google.android.material.chip.ChipGroup: void setSingleLine(boolean)
com.google.gson.internal.bind.JsonTreeReader$1: int read(char[],int,int)
com.google.android.material.slider.RangeSlider: void setTickInactiveTintList(android.content.res.ColorStateList)