app/unused.txt
com.sword.atlas.App_ComponentTreeDeps
com.sword.atlas.App_HiltComponents
com.sword.atlas.BuildConfig
com.sword.atlas.DaggerApp_HiltComponents_SingletonC$ActivityCImpl$LazyClassKeyProvider:
    com.sword.atlas.feature.template.ui.login.LoginViewModel com_sword_atlas_feature_template_ui_login_LoginViewModel2
    com.sword.atlas.feature.template.ui.userdetail.UserDetailViewModel com_sword_atlas_feature_template_ui_userdetail_UserDetailViewModel2
    com.sword.atlas.feature.template.ui.userlist.UserListViewModel com_sword_atlas_feature_template_ui_userlist_UserListViewModel2
    private void <init>()
com.sword.atlas.DaggerApp_HiltComponents_SingletonC$ViewModelCImpl$LazyClassKeyProvider:
    com.sword.atlas.feature.template.ui.login.LoginViewModel com_sword_atlas_feature_template_ui_login_LoginViewModel2
    com.sword.atlas.feature.template.ui.userdetail.UserDetailViewModel com_sword_atlas_feature_template_ui_userdetail_UserDetailViewModel2
    com.sword.atlas.feature.template.ui.userlist.UserListViewModel com_sword_atlas_feature_template_ui_userlist_UserListViewModel2
    private void <init>()
com.sword.atlas.DaggerApp_HiltComponents_SingletonC:
    private void <init>()
com.sword.atlas.R
com.sword.atlas.core.common.R
com.sword.atlas.core.common.dispatcher.DefaultDispatcherProvider
com.sword.atlas.core.common.dispatcher.DispatcherProvider
com.sword.atlas.core.database.R
com.sword.atlas.core.database.di.DatabaseModule_ProvideAppDatabaseFactory:
    private final javax.inject.Provider contextProvider
    public void <init>(javax.inject.Provider)
    public static com.sword.atlas.core.database.di.DatabaseModule_ProvideAppDatabaseFactory create(javax.inject.Provider)
    public com.sword.atlas.core.database.AppDatabase get()
    public synthetic bridge java.lang.Object get()
com.sword.atlas.core.database.di.DatabaseModule_ProvideUserDaoFactory:
    private final javax.inject.Provider databaseProvider
    public void <init>(javax.inject.Provider)
    public static com.sword.atlas.core.database.di.DatabaseModule_ProvideUserDaoFactory create(javax.inject.Provider)
    public com.sword.atlas.core.database.dao.UserDao get()
    public synthetic bridge java.lang.Object get()
com.sword.atlas.core.database.migration.DatabaseMigrations$MIGRATION_1_2$1
com.sword.atlas.core.database.migration.DatabaseMigrations$MIGRATION_2_3$1
com.sword.atlas.core.database.migration.DatabaseMigrations
com.sword.atlas.core.network.BuildConfig
com.sword.atlas.core.network.R
com.sword.atlas.core.network.di.NetworkModule_ProvideDownloadManagerFactory
com.sword.atlas.core.network.di.NetworkModule_ProvideGsonFactory$InstanceHolder
com.sword.atlas.core.network.di.NetworkModule_ProvideGsonFactory:
    public void <init>()
    public static com.sword.atlas.core.network.di.NetworkModule_ProvideGsonFactory create()
    public com.google.gson.Gson get()
    public synthetic bridge java.lang.Object get()
com.sword.atlas.core.network.di.NetworkModule_ProvideLoggingInterceptorFactory$InstanceHolder
com.sword.atlas.core.network.di.NetworkModule_ProvideLoggingInterceptorFactory:
    public void <init>()
    public static com.sword.atlas.core.network.di.NetworkModule_ProvideLoggingInterceptorFactory create()
    public com.sword.atlas.core.network.interceptor.LoggingInterceptor get()
    public synthetic bridge java.lang.Object get()
com.sword.atlas.core.network.di.NetworkModule_ProvideOkHttpClientFactory:
    private final javax.inject.Provider loggingInterceptorProvider
    private final javax.inject.Provider signInterceptorProvider
    private final javax.inject.Provider tokenInterceptorProvider
    public void <init>(javax.inject.Provider,javax.inject.Provider,javax.inject.Provider)
    public static com.sword.atlas.core.network.di.NetworkModule_ProvideOkHttpClientFactory create(javax.inject.Provider,javax.inject.Provider,javax.inject.Provider)
    public synthetic bridge java.lang.Object get()
    public okhttp3.OkHttpClient get()
...
kotlinx.coroutines.channels.SendChannel$DefaultImpls
kotlinx.coroutines.channels.SendChannel:
    public abstract boolean close(java.lang.Throwable)
kotlinx.coroutines.flow.AbstractFlow
kotlinx.coroutines.flow.FlowKt:
    public static final kotlinx.coroutines.flow.ReadonlyStateFlow asStateFlow(kotlinx.coroutines.flow.StateFlowImpl)
    public static final java.lang.Object emitAll(kotlinx.coroutines.flow.FlowCollector,kotlinx.coroutines.channels.Channel,kotlin.coroutines.jvm.internal.SuspendLambda)
kotlinx.coroutines.flow.FlowKt__BuildersKt
kotlinx.coroutines.flow.FlowKt__CollectKt
kotlinx.coroutines.flow.FlowKt__ContextKt
kotlinx.coroutines.flow.FlowKt__EmittersKt$$InternalSyntheticThrowCCEIfNotNull$14$e725080ea2baf136ff3783a601e7cc03c4c9f6d9080b74e99a4753b5bc3a90b1$0
kotlinx.coroutines.flow.FlowKt__EmittersKt
kotlinx.coroutines.flow.FlowKt__ErrorsKt
kotlinx.coroutines.flow.FlowKt__MergeKt$mapLatest$1:
    public final java.lang.Object invoke$7()
kotlinx.coroutines.flow.FlowKt__MergeKt:
    public static final int DEFAULT_CONCURRENCY
kotlinx.coroutines.flow.FlowKt__ShareKt
kotlinx.coroutines.flow.FlowKt__TransformKt
kotlinx.coroutines.flow.MutableStateFlow:
    public abstract java.lang.Object getValue()
    public abstract void setValue(java.lang.Object)
kotlinx.coroutines.flow.ReadonlySharedFlow:
    public final kotlinx.coroutines.Job job
kotlinx.coroutines.flow.ReadonlyStateFlow:
    public final kotlinx.coroutines.Job job
kotlinx.coroutines.flow.SafeFlow:
    public static java.lang.Object collectSafely()
kotlinx.coroutines.flow.SharedFlowImpl$$InternalSyntheticThrowCCEIfNotNull$173$8a81ae7abf994ef8d5da0c3a1e1fcc00bff1251b789a1cb954e12c66d854807b$0
kotlinx.coroutines.flow.SharedFlowImpl$WhenMappings
kotlinx.coroutines.flow.SharedFlowImpl:
    public final int replay
    public static kotlinx.coroutines.flow.SharedFlowSlot createSlot()
    public static kotlinx.coroutines.flow.SharedFlowSlot[] createSlotArray()
    public final long getBufferEndIndex()
    public final int getTotalSize()
    public static boolean tryEmit()
    public static long updateNewCollectorIndexLocked$kotlinx_coroutines_core()
kotlinx.coroutines.flow.SharedFlowSlot:
    public static boolean allocateLocked()
    public static kotlin.coroutines.Continuation[] freeLocked()
kotlinx.coroutines.flow.StateFlowImpl$$InternalSyntheticThrowCCEIfNotNull$173$f1d1f40a1c8fc04c0a8d71575b6c25dc238f9224ed939db2b509a92e2c81cbda$0
kotlinx.coroutines.flow.StateFlowImpl:
    public static kotlinx.coroutines.flow.StateFlowSlot createSlot()
    public static kotlinx.coroutines.flow.StateFlowSlot[] createSlotArray()
    public final java.lang.Object getValue()
kotlinx.coroutines.flow.StateFlowKt:
    public static final synthetic kotlinx.coroutines.internal.Symbol access$getNONE$p()
    public static final synthetic kotlinx.coroutines.internal.Symbol access$getPENDING$p()
    public static final kotlinx.coroutines.flow.Flow fuseStateFlow(kotlinx.coroutines.flow.StateFlow,kotlin.coroutines.CoroutineContext,int,kotlinx.coroutines.channels.BufferOverflow)
kotlinx.coroutines.flow.StateFlowSlot$$InternalSyntheticBackportWithForwarding$1$129489655f160fee44fd1aea9f056a47f91c28d473c1052b61027ea917e98c4c$0
kotlinx.coroutines.flow.StateFlowSlot$$InternalSyntheticBackportWithForwarding$1$ce7b13c9754ebcc746ac049b20939ad04e48aa86e11ad982717628308b70c772$0
kotlinx.coroutines.flow.StateFlowSlot$$InternalSyntheticBackportWithForwarding$1$ce7b13c9754ebcc746ac049b20939ad04e48aa86e11ad982717628308b70c772$1
kotlinx.coroutines.flow.StateFlowSlot:
    public static boolean allocateLocked$1()
    public static java.lang.Object awaitPending()
    public static kotlin.coroutines.Continuation[] freeLocked$1()
    public static void makePending()
    public static boolean takePending()
kotlinx.coroutines.flow.SubscribedFlowCollector
kotlinx.coroutines.flow.ThrowingCollector